<?xml version="1.0" encoding="UTF-8"?>
<!-- Generated by org.testng.reporters.JUnitXMLReporter -->
<testsuite ignored="0" hostname="DESKTOP-0GVLBSN" failures="0" tests="11" name="FREE CRM APPLICATION TEST" time="478.896" errors="0" timestamp="25 Sep 2018 17:52:12 GMT">
  <testcase classname="com.crm.qa.testcases.LoginPageTest" name="TitelTest" time="0.071"/>
  <testcase classname="com.crm.qa.testcases.HomePageTest" name="VerifyHomePageTitleTest" time="0.015"/>
  <testcase classname="com.crm.qa.testcases.ContactsPageTest" name="verifyContactsPageLabelTest" time="0.075"/>
  <testcase classname="com.crm.qa.testcases.LoginPageTest" name="CrmLogoImageTest" time="0.047"/>
  <testcase classname="com.crm.qa.testcases.HomePageTest" name="verifyHomepageUserNameTest" time="0.134"/>
  <testcase classname="com.crm.qa.testcases.ContactsPageTest" name="SelectcontactNameTest" time="0.143"/>
  <testcase classname="com.crm.qa.testcases.LoginPageTest" name="LoginTest" time="17.448"/>
  <testcase classname="com.crm.qa.testcases.HomePageTest" name="verifyContactsLinkTest" time="2.356"/>
  <testcase classname="com.crm.qa.testcases.ContactsPageTest" name="validatecreateNewContact" time="9.595"/>
  <testcase classname="com.crm.qa.testcases.ContactsPageTest" name="validatecreateNewContact" time="10.96"/>
  <testcase classname="com.crm.qa.testcases.ContactsPageTest" name="validatecreateNewContact" time="6.706"/>
</testsuite> <!-- FREE CRM APPLICATION TEST -->
