<?xml version="1.0" encoding="UTF-8"?>
<!-- Generated by org.testng.reporters.JUnitXMLReporter -->
<testsuite hostname="DESKTOP-0GVLBSN" ignored="0" name="Command line test" tests="11" failures="0" timestamp="05 Oct 2018 17:32:43 GMT" time="572.578" errors="0">
  <testcase name="verifyContactsPageLabelTest" time="0.098" classname="com.crm.qa.testcases.ContactsPageTest"/>
  <testcase name="VerifyHomePageTitleTest" time="0.025" classname="com.crm.qa.testcases.HomePageTest"/>
  <testcase name="TitelTest" time="0.03" classname="com.crm.qa.testcases.LoginPageTest"/>
  <testcase name="SelectcontactNameTest" time="0.184" classname="com.crm.qa.testcases.ContactsPageTest"/>
  <testcase name="verifyHomepageUserNameTest" time="0.132" classname="com.crm.qa.testcases.HomePageTest"/>
  <testcase name="CrmLogoImageTest" time="0.057" classname="com.crm.qa.testcases.LoginPageTest"/>
  <testcase name="validatecreateNewContact" time="6.328" classname="com.crm.qa.testcases.ContactsPageTest"/>
  <testcase name="validatecreateNewContact" time="9.454" classname="com.crm.qa.testcases.ContactsPageTest"/>
  <testcase name="validatecreateNewContact" time="8.208" classname="com.crm.qa.testcases.ContactsPageTest"/>
  <testcase name="verifyContactsLinkTest" time="3.073" classname="com.crm.qa.testcases.HomePageTest"/>
  <testcase name="LoginTest" time="29.239" classname="com.crm.qa.testcases.LoginPageTest"/>
</testsuite> <!-- Command line test -->
