<?xml version="1.0" encoding="UTF-8"?>
<testng-results skipped="0" failed="0" ignored="0" total="11" passed="11">
  <reporter-output>
  </reporter-output>
  <suite name="Command line suite" duration-ms="572578" started-at="2018-10-05T17:23:10Z" finished-at="2018-10-05T17:32:43Z">
    <groups>
    </groups>
    <test name="Command line test" duration-ms="572578" started-at="2018-10-05T17:23:10Z" finished-at="2018-10-05T17:32:43Z">
      <class name="com.crm.qa.testcases.HomePageTest">
        <test-method status="PASS" signature="setup()[pri:0, instance:com.crm.qa.testcases.HomePageTest@6615435c]" name="setup" is-config="true" duration-ms="47414" started-at="2018-10-05T22:54:05Z" finished-at="2018-10-05T22:54:52Z">
          <reporter-output>
          </reporter-output>
        </test-method> <!-- setup -->
        <test-method status="PASS" signature="VerifyHomePageTitleTest()[pri:1, instance:com.crm.qa.testcases.HomePageTest@6615435c]" name="VerifyHomePageTitleTest" duration-ms="25" started-at="2018-10-05T22:54:52Z" finished-at="2018-10-05T22:54:52Z">
          <reporter-output>
          </reporter-output>
        </test-method> <!-- VerifyHomePageTitleTest -->
        <test-method status="PASS" signature="tearDown()[pri:0, instance:com.crm.qa.testcases.HomePageTest@6615435c]" name="tearDown" is-config="true" duration-ms="883" started-at="2018-10-05T22:54:52Z" finished-at="2018-10-05T22:54:53Z">
          <reporter-output>
          </reporter-output>
        </test-method> <!-- tearDown -->
        <test-method status="PASS" signature="setup()[pri:0, instance:com.crm.qa.testcases.HomePageTest@6615435c]" name="setup" is-config="true" duration-ms="48240" started-at="2018-10-05T22:56:04Z" finished-at="2018-10-05T22:56:52Z">
          <reporter-output>
          </reporter-output>
        </test-method> <!-- setup -->
        <test-method status="PASS" signature="verifyHomepageUserNameTest()[pri:2, instance:com.crm.qa.testcases.HomePageTest@6615435c]" name="verifyHomepageUserNameTest" duration-ms="132" started-at="2018-10-05T22:56:52Z" finished-at="2018-10-05T22:56:53Z">
          <reporter-output>
          </reporter-output>
        </test-method> <!-- verifyHomepageUserNameTest -->
        <test-method status="PASS" signature="tearDown()[pri:0, instance:com.crm.qa.testcases.HomePageTest@6615435c]" name="tearDown" is-config="true" duration-ms="698" started-at="2018-10-05T22:56:53Z" finished-at="2018-10-05T22:56:53Z">
          <reporter-output>
          </reporter-output>
        </test-method> <!-- tearDown -->
        <test-method status="PASS" signature="setup()[pri:0, instance:com.crm.qa.testcases.HomePageTest@6615435c]" name="setup" is-config="true" duration-ms="58284" started-at="2018-10-05T23:00:43Z" finished-at="2018-10-05T23:01:41Z">
          <reporter-output>
          </reporter-output>
        </test-method> <!-- setup -->
        <test-method status="PASS" signature="verifyContactsLinkTest()[pri:3, instance:com.crm.qa.testcases.HomePageTest@6615435c]" name="verifyContactsLinkTest" duration-ms="3073" started-at="2018-10-05T23:01:41Z" finished-at="2018-10-05T23:01:44Z">
          <reporter-output>
          </reporter-output>
        </test-method> <!-- verifyContactsLinkTest -->
        <test-method status="PASS" signature="tearDown()[pri:0, instance:com.crm.qa.testcases.HomePageTest@6615435c]" name="tearDown" is-config="true" duration-ms="821" started-at="2018-10-05T23:01:44Z" finished-at="2018-10-05T23:01:45Z">
          <reporter-output>
          </reporter-output>
        </test-method> <!-- tearDown -->
      </class> <!-- com.crm.qa.testcases.HomePageTest -->
      <class name="com.crm.qa.testcases.ContactsPageTest">
        <test-method status="PASS" signature="setup()[pri:0, instance:com.crm.qa.testcases.ContactsPageTest@1936f0f5]" name="setup" is-config="true" duration-ms="54427" started-at="2018-10-05T22:53:10Z" finished-at="2018-10-05T22:54:05Z">
          <reporter-output>
          </reporter-output>
        </test-method> <!-- setup -->
        <test-method status="PASS" signature="verifyContactsPageLabelTest()[pri:1, instance:com.crm.qa.testcases.ContactsPageTest@1936f0f5]" name="verifyContactsPageLabelTest" duration-ms="98" started-at="2018-10-05T22:54:05Z" finished-at="2018-10-05T22:54:05Z">
          <reporter-output>
          </reporter-output>
        </test-method> <!-- verifyContactsPageLabelTest -->
        <test-method status="PASS" signature="setup()[pri:0, instance:com.crm.qa.testcases.ContactsPageTest@1936f0f5]" name="setup" is-config="true" duration-ms="41390" started-at="2018-10-05T22:55:23Z" finished-at="2018-10-05T22:56:04Z">
          <reporter-output>
          </reporter-output>
        </test-method> <!-- setup -->
        <test-method status="PASS" signature="SelectcontactNameTest()[pri:2, instance:com.crm.qa.testcases.ContactsPageTest@1936f0f5]" name="SelectcontactNameTest" duration-ms="184" started-at="2018-10-05T22:56:04Z" finished-at="2018-10-05T22:56:04Z">
          <reporter-output>
          </reporter-output>
        </test-method> <!-- SelectcontactNameTest -->
        <test-method status="PASS" signature="setup()[pri:0, instance:com.crm.qa.testcases.ContactsPageTest@1936f0f5]" name="setup" is-config="true" duration-ms="68789" started-at="2018-10-05T22:57:18Z" finished-at="2018-10-05T22:58:27Z">
          <reporter-output>
          </reporter-output>
        </test-method> <!-- setup -->
        <test-method status="PASS" signature="validatecreateNewContact(java.lang.String, java.lang.String, java.lang.String, java.lang.String)[pri:3, instance:com.crm.qa.testcases.ContactsPageTest@1936f0f5]" name="validatecreateNewContact" duration-ms="6328" started-at="2018-10-05T22:58:27Z" data-provider="getCRMTestData" finished-at="2018-10-05T22:58:33Z">
          <params>
            <param index="0">
              <value>
                <![CDATA[Mr.]]>
              </value>
            </param>
            <param index="1">
              <value>
                <![CDATA[Pradeep]]>
              </value>
            </param>
            <param index="2">
              <value>
                <![CDATA[Anand]]>
              </value>
            </param>
            <param index="3">
              <value>
                <![CDATA[Abaqua]]>
              </value>
            </param>
          </params>
          <reporter-output>
          </reporter-output>
        </test-method> <!-- validatecreateNewContact -->
        <test-method status="PASS" signature="setup()[pri:0, instance:com.crm.qa.testcases.ContactsPageTest@1936f0f5]" name="setup" is-config="true" duration-ms="52885" started-at="2018-10-05T22:58:33Z" finished-at="2018-10-05T22:59:26Z">
          <reporter-output>
          </reporter-output>
        </test-method> <!-- setup -->
        <test-method status="PASS" signature="validatecreateNewContact(java.lang.String, java.lang.String, java.lang.String, java.lang.String)[pri:3, instance:com.crm.qa.testcases.ContactsPageTest@1936f0f5]" name="validatecreateNewContact" duration-ms="9454" started-at="2018-10-05T22:59:26Z" data-provider="getCRMTestData" finished-at="2018-10-05T22:59:35Z">
          <params>
            <param index="0">
              <value>
                <![CDATA[Dr.]]>
              </value>
            </param>
            <param index="1">
              <value>
                <![CDATA[David]]>
              </value>
            </param>
            <param index="2">
              <value>
                <![CDATA[Cris]]>
              </value>
            </param>
            <param index="3">
              <value>
                <![CDATA[Google]]>
              </value>
            </param>
          </params>
          <reporter-output>
          </reporter-output>
        </test-method> <!-- validatecreateNewContact -->
        <test-method status="PASS" signature="setup()[pri:0, instance:com.crm.qa.testcases.ContactsPageTest@1936f0f5]" name="setup" is-config="true" duration-ms="59068" started-at="2018-10-05T22:59:35Z" finished-at="2018-10-05T23:00:34Z">
          <reporter-output>
          </reporter-output>
        </test-method> <!-- setup -->
        <test-method status="PASS" signature="validatecreateNewContact(java.lang.String, java.lang.String, java.lang.String, java.lang.String)[pri:3, instance:com.crm.qa.testcases.ContactsPageTest@1936f0f5]" name="validatecreateNewContact" duration-ms="8208" started-at="2018-10-05T23:00:34Z" data-provider="getCRMTestData" finished-at="2018-10-05T23:00:43Z">
          <params>
            <param index="0">
              <value>
                <![CDATA[Mrs.]]>
              </value>
            </param>
            <param index="1">
              <value>
                <![CDATA[mallika]]>
              </value>
            </param>
            <param index="2">
              <value>
                <![CDATA[sharma]]>
              </value>
            </param>
            <param index="3">
              <value>
                <![CDATA[ebay]]>
              </value>
            </param>
          </params>
          <reporter-output>
          </reporter-output>
        </test-method> <!-- validatecreateNewContact -->
      </class> <!-- com.crm.qa.testcases.ContactsPageTest -->
      <class name="com.crm.qa.testcases.LoginPageTest">
        <test-method status="PASS" signature="setUp()[pri:0, instance:com.crm.qa.testcases.LoginPageTest@4909b8da]" name="setUp" is-config="true" duration-ms="28676" started-at="2018-10-05T22:54:53Z" finished-at="2018-10-05T22:55:22Z">
          <reporter-output>
          </reporter-output>
        </test-method> <!-- setUp -->
        <test-method status="PASS" signature="TitelTest()[pri:1, instance:com.crm.qa.testcases.LoginPageTest@4909b8da]" name="TitelTest" duration-ms="30" started-at="2018-10-05T22:55:22Z" finished-at="2018-10-05T22:55:22Z">
          <reporter-output>
          </reporter-output>
        </test-method> <!-- TitelTest -->
        <test-method status="PASS" signature="tearDown()[pri:0, instance:com.crm.qa.testcases.LoginPageTest@4909b8da]" name="tearDown" is-config="true" duration-ms="742" started-at="2018-10-05T22:55:22Z" finished-at="2018-10-05T22:55:23Z">
          <reporter-output>
          </reporter-output>
        </test-method> <!-- tearDown -->
        <test-method status="PASS" signature="setUp()[pri:0, instance:com.crm.qa.testcases.LoginPageTest@4909b8da]" name="setUp" is-config="true" duration-ms="21723" started-at="2018-10-05T22:56:53Z" finished-at="2018-10-05T22:57:15Z">
          <reporter-output>
          </reporter-output>
        </test-method> <!-- setUp -->
        <test-method status="PASS" signature="CrmLogoImageTest()[pri:2, instance:com.crm.qa.testcases.LoginPageTest@4909b8da]" name="CrmLogoImageTest" duration-ms="57" started-at="2018-10-05T22:57:15Z" finished-at="2018-10-05T22:57:15Z">
          <reporter-output>
          </reporter-output>
        </test-method> <!-- CrmLogoImageTest -->
        <test-method status="PASS" signature="tearDown()[pri:0, instance:com.crm.qa.testcases.LoginPageTest@4909b8da]" name="tearDown" is-config="true" duration-ms="796" started-at="2018-10-05T22:57:15Z" finished-at="2018-10-05T22:57:16Z">
          <reporter-output>
          </reporter-output>
        </test-method> <!-- tearDown -->
        <test-method status="PASS" signature="setUp()[pri:0, instance:com.crm.qa.testcases.LoginPageTest@4909b8da]" name="setUp" is-config="true" duration-ms="28242" started-at="2018-10-05T23:01:45Z" finished-at="2018-10-05T23:02:13Z">
          <reporter-output>
          </reporter-output>
        </test-method> <!-- setUp -->
        <test-method status="PASS" signature="LoginTest()[pri:3, instance:com.crm.qa.testcases.LoginPageTest@4909b8da]" name="LoginTest" duration-ms="29239" started-at="2018-10-05T23:02:13Z" finished-at="2018-10-05T23:02:42Z">
          <reporter-output>
          </reporter-output>
        </test-method> <!-- LoginTest -->
        <test-method status="PASS" signature="tearDown()[pri:0, instance:com.crm.qa.testcases.LoginPageTest@4909b8da]" name="tearDown" is-config="true" duration-ms="720" started-at="2018-10-05T23:02:42Z" finished-at="2018-10-05T23:02:43Z">
          <reporter-output>
          </reporter-output>
        </test-method> <!-- tearDown -->
      </class> <!-- com.crm.qa.testcases.LoginPageTest -->
    </test> <!-- Command line test -->
  </suite> <!-- Command line suite -->
</testng-results>
